<?xml version="1.0" encoding="UTF-8" standalone="yes"?><!DOCTYPE report PUBLIC "-//JACOCO//DTD Report 1.0//EN" "report.dtd"><report name="JaCoCo"><sessioninfo id="yao-XPS-15-7590-246ee061" start="1574521200489" dump="1574521200699"/><sessioninfo id="yao-XPS-15-7590-c8ac8677" start="1574571572564" dump="1574571572752"/><sessioninfo id="yao-XPS-15-7590-da14e8ab" start="1574576203392" dump="1574576203588"/><sessioninfo id="yao-XPS-15-7590-f6491640" start="1574576583347" dump="1574576583558"/><sessioninfo id="yao-XPS-15-7590-e0f1e167" start="1574576873865" dump="1574576874082"/><sessioninfo id="yao-XPS-15-7590-9149e955" start="1574576958930" dump="1574576959119"/><sessioninfo id="yao-XPS-15-7590-3206c95e" start="1574577344660" dump="1574577344853"/><sessioninfo id="yao-XPS-15-7590-a28bbe75" start="1574578702791" dump="1574578702986"/><sessioninfo id="yao-XPS-15-7590-d254cbfa" start="1574578808097" dump="1574578808294"/><sessioninfo id="yao-XPS-15-7590-7f26b19c" start="1574578856106" dump="1574578856312"/><sessioninfo id="yao-XPS-15-7590-8c21b08e" start="1574578962216" dump="1574578962421"/><sessioninfo id="yao-XPS-15-7590-bf214727" start="1574579030358" dump="1574579030565"/><sessioninfo id="yao-XPS-15-7590-637074a4" start="1574579090594" dump="1574579090794"/><sessioninfo id="yao-XPS-15-7590-9c6af871" start="1574579161027" dump="1574579161222"/><sessioninfo id="yao-XPS-15-7590-511ca0d6" start="1574579227401" dump="1574579227597"/><sessioninfo id="yao-XPS-15-7590-ce78f044" start="1574579255061" dump="1574579255259"/><sessioninfo id="yao-XPS-15-7590-e759c5da" start="1574579699274" dump="1574579699465"/><sessioninfo id="yao-XPS-15-7590-21259332" start="1574579719899" dump="1574579720082"/><sessioninfo id="yao-XPS-15-7590-2e65a7b9" start="1574579788307" dump="1574579788528"/><sessioninfo id="yao-XPS-15-7590-988d378" start="1574579937810" dump="1574579938026"/><sessioninfo id="yao-XPS-15-7590-242b3290" start="1574579988231" dump="1574579988425"/><sessioninfo id="yao-XPS-15-7590-feecf949" start="1574580372769" dump="1574580372947"/><sessioninfo id="yao-XPS-15-7590-a7b60a46" start="1574580801594" dump="1574580801793"/><sessioninfo id="yao-XPS-15-7590-99c8268c" start="1574581439211" dump="1574581439425"/><sessioninfo id="yao-XPS-15-7590-7de21aad" start="1574581465381" dump="1574581465592"/><sessioninfo id="yao-XPS-15-7590-451a9759" start="1574581980153" dump="1574581980346"/><sessioninfo id="yao-XPS-15-7590-91067661" start="1574582029324" dump="1574582029526"/><sessioninfo id="yao-XPS-15-7590-d4cd34a3" start="1574582038923" dump="1574582039100"/><sessioninfo id="yao-XPS-15-7590-4f32c94e" start="1574582279026" dump="1574582279214"/><sessioninfo id="yao-XPS-15-7590-50a9942b" start="1574582322987" dump="1574582323188"/><sessioninfo id="yao-XPS-15-7590-ddd4a51d" start="1574582350687" dump="1574582350884"/><sessioninfo id="yao-XPS-15-7590-865f2ef9" start="1574582396902" dump="1574582397103"/><sessioninfo id="yao-XPS-15-7590-c29cc94c" start="1574582416652" dump="1574582416851"/><sessioninfo id="yao-XPS-15-7590-bff32827" start="1574582473309" dump="1574582473533"/><sessioninfo id="yao-XPS-15-7590-1b78434f" start="1574582819868" dump="1574582820072"/><sessioninfo id="yao-XPS-15-7590-614dcafc" start="1574582843936" dump="1574582844122"/><sessioninfo id="yao-XPS-15-7590-27f18155" start="1574582866690" dump="1574582866878"/><sessioninfo id="yao-XPS-15-7590-5a71173b" start="1574583090864" dump="1574583091089"/><sessioninfo id="yao-XPS-15-7590-239b3b82" start="1574583201370" dump="1574583201580"/><sessioninfo id="yao-XPS-15-7590-2959f791" start="1574583235557" dump="1574583235746"/><sessioninfo id="yao-XPS-15-7590-808de65e" start="1574583272673" dump="1574583272869"/><sessioninfo id="yao-XPS-15-7590-2b791b0" start="1574584074964" dump="1574584075162"/><sessioninfo id="yao-XPS-15-7590-1d3266a1" start="1574584103822" dump="1574584104011"/><sessioninfo id="yao-XPS-15-7590-289191db" start="1574584148435" dump="1574584148625"/><sessioninfo id="yao-XPS-15-7590-eaa9e487" start="1574584225704" dump="1574584225888"/><sessioninfo id="yao-XPS-15-7590-61e2bb56" start="1574585957671" dump="1574585957874"/><sessioninfo id="yao-XPS-15-7590-11b4cf2b" start="1574586022337" dump="1574586022528"/><sessioninfo id="yao-XPS-15-7590-6887631d" start="1574586053227" dump="1574586053414"/><sessioninfo id="yao-XPS-15-7590-f038912a" start="1574586114916" dump="1574586115122"/><sessioninfo id="yao-XPS-15-7590-88e7a5e6" start="1574586179441" dump="1574586179629"/><sessioninfo id="yao-XPS-15-7590-c0f910f4" start="1574586202612" dump="1574586202829"/><sessioninfo id="yao-XPS-15-7590-7497b2ef" start="1574586303150" dump="1574586303332"/><sessioninfo id="yao-XPS-15-7590-84026939" start="1574586408932" dump="1574586409155"/><sessioninfo id="yao-XPS-15-7590-d0e0e333" start="1574587221167" dump="1574587221344"/><sessioninfo id="yao-XPS-15-7590-b91efccf" start="1574587234202" dump="1574587234405"/><sessioninfo id="yao-XPS-15-7590-2a58b954" start="1574587243154" dump="1574587243352"/><package name="com/test/jacoco"><class name="com/test/jacoco/HelloWorld"><method name="&lt;init&gt;" desc="()V" line="7"><counter type="INSTRUCTION" missed="0" covered="3"/><counter type="LINE" missed="0" covered="2"/><counter type="COMPLEXITY" missed="0" covered="1"/><counter type="METHOD" missed="0" covered="1"/></method><method name="Method1" desc="()Ljava/lang/String;" line="12"><counter type="INSTRUCTION" missed="0" covered="2"/><counter type="LINE" missed="0" covered="1"/><counter type="COMPLEXITY" missed="0" covered="1"/><counter type="METHOD" missed="0" covered="1"/></method><method name="Method2" desc="(II)I" line="16"><counter type="INSTRUCTION" missed="0" covered="4"/><counter type="LINE" missed="0" covered="1"/><counter type="COMPLEXITY" missed="0" covered="1"/><counter type="METHOD" missed="0" covered="1"/></method><method name="Method3" desc="(III)I" line="20"><counter type="INSTRUCTION" missed="0" covered="26"/><counter type="BRANCH" missed="0" covered="10"/><counter type="LINE" missed="0" covered="6"/><counter type="COMPLEXITY" missed="0" covered="6"/><counter type="METHOD" missed="0" covered="1"/></method><method name="Method4" desc="(IIIIF)I" line="32"><counter type="INSTRUCTION" missed="0" covered="25"/><counter type="BRANCH" missed="0" covered="8"/><counter type="LINE" missed="0" covered="7"/><counter type="COMPLEXITY" missed="0" covered="5"/><counter type="METHOD" missed="0" covered="1"/></method><method name="bug" desc="(I)Z" line="45"><counter type="INSTRUCTION" missed="0" covered="7"/><counter type="BRANCH" missed="0" covered="2"/><counter type="LINE" missed="0" covered="2"/><counter type="COMPLEXITY" missed="0" covered="2"/><counter type="METHOD" missed="0" covered="1"/></method><method name="isTriangle" desc="(III)Z" line="55"><counter type="INSTRUCTION" missed="0" covered="31"/><counter type="BRANCH" missed="0" covered="12"/><counter type="LINE" missed="0" covered="9"/><counter type="COMPLEXITY" missed="0" covered="7"/><counter type="METHOD" missed="0" covered="1"/></method><method name="isBirthday" desc="(III)Z" line="79"><counter type="INSTRUCTION" missed="0" covered="76"/><counter type="BRANCH" missed="0" covered="38"/><counter type="LINE" missed="0" covered="12"/><counter type="COMPLEXITY" missed="0" covered="20"/><counter type="METHOD" missed="0" covered="1"/></method><method name="miniCalculator" desc="(DDC)Ljava/lang/Double;" line="105"><counter type="INSTRUCTION" missed="0" covered="29"/><counter type="BRANCH" missed="0" covered="5"/><counter type="LINE" missed="0" covered="11"/><counter type="COMPLEXITY" missed="0" covered="5"/><counter type="METHOD" missed="0" covered="1"/></method><counter type="INSTRUCTION" missed="0" covered="203"/><counter type="BRANCH" missed="0" covered="75"/><counter type="LINE" missed="0" covered="51"/><counter type="COMPLEXITY" missed="0" covered="48"/><counter type="METHOD" missed="0" covered="9"/><counter type="CLASS" missed="0" covered="1"/></class><sourcefile name="HelloWorld.java"><line nr="7" mi="0" ci="2" mb="0" cb="0"/><line nr="9" mi="0" ci="1" mb="0" cb="0"/><line nr="12" mi="0" ci="2" mb="0" cb="0"/><line nr="16" mi="0" ci="4" mb="0" cb="0"/><line nr="20" mi="0" ci="7" mb="0" cb="6"/><line nr="21" mi="0" ci="4" mb="0" cb="0"/><line nr="23" mi="0" ci="6" mb="0" cb="4"/><line nr="24" mi="0" ci="4" mb="0" cb="0"/><line nr="27" mi="0" ci="3" mb="0" cb="0"/><line nr="29" mi="0" ci="2" mb="0" cb="0"/><line nr="32" mi="0" ci="2" mb="0" cb="2"/><line nr="33" mi="0" ci="2" mb="0" cb="0"/><line nr="35" mi="0" ci="2" mb="0" cb="0"/><line nr="36" mi="0" ci="10" mb="0" cb="6"/><line nr="37" mi="0" ci="2" mb="0" cb="0"/><line nr="39" mi="0" ci="5" mb="0" cb="0"/><line nr="40" mi="0" ci="2" mb="0" cb="0"/><line nr="45" mi="0" ci="5" mb="0" cb="2"/><line nr="46" mi="0" ci="2" mb="0" cb="0"/><line nr="55" mi="0" ci="6" mb="0" cb="6"/><line nr="57" mi="0" ci="2" mb="0" cb="0"/><line nr="59" mi="0" ci="5" mb="0" cb="2"/><line nr="61" mi="0" ci="2" mb="0" cb="0"/><line nr="63" mi="0" ci="5" mb="0" cb="2"/><line nr="65" mi="0" ci="2" mb="0" cb="0"/><line nr="67" mi="0" ci="5" mb="0" cb="2"/><line nr="69" mi="0" ci="2" mb="0" cb="0"/><line nr="71" mi="0" ci="2" mb="0" cb="0"/><line nr="79" mi="0" ci="8" mb="0" cb="4"/><line nr="80" mi="0" ci="8" mb="0" cb="4"/><line nr="81" mi="0" ci="11" mb="0" cb="6"/><line nr="82" mi="0" ci="7" mb="0" cb="4"/><line nr="83" mi="0" ci="7" mb="0" cb="4"/><line nr="84" mi="0" ci="3" mb="0" cb="2"/><line nr="86" mi="0" ci="4" mb="0" cb="2"/><line nr="87" mi="0" ci="6" mb="0" cb="2"/><line nr="89" mi="0" ci="8" mb="0" cb="4"/><line nr="90" mi="0" ci="6" mb="0" cb="4"/><line nr="92" mi="0" ci="6" mb="0" cb="2"/><line nr="95" mi="0" ci="2" mb="0" cb="0"/><line nr="105" mi="0" ci="2" mb="0" cb="0"/><line nr="106" mi="0" ci="2" mb="0" cb="5"/><line nr="108" mi="0" ci="4" mb="0" cb="0"/><line nr="109" mi="0" ci="1" mb="0" cb="0"/><line nr="111" mi="0" ci="4" mb="0" cb="0"/><line nr="112" mi="0" ci="1" mb="0" cb="0"/><line nr="114" mi="0" ci="4" mb="0" cb="0"/><line nr="115" mi="0" ci="1" mb="0" cb="0"/><line nr="117" mi="0" ci="4" mb="0" cb="0"/><line nr="119" mi="0" ci="3" mb="0" cb="0"/><line nr="121" mi="0" ci="3" mb="0" cb="0"/><counter type="INSTRUCTION" missed="0" covered="203"/><counter type="BRANCH" missed="0" covered="75"/><counter type="LINE" missed="0" covered="51"/><counter type="COMPLEXITY" missed="0" covered="48"/><counter type="METHOD" missed="0" covered="9"/><counter type="CLASS" missed="0" covered="1"/></sourcefile><counter type="INSTRUCTION" missed="0" covered="203"/><counter type="BRANCH" missed="0" covered="75"/><counter type="LINE" missed="0" covered="51"/><counter type="COMPLEXITY" missed="0" covered="48"/><counter type="METHOD" missed="0" covered="9"/><counter type="CLASS" missed="0" covered="1"/></package><counter type="INSTRUCTION" missed="0" covered="203"/><counter type="BRANCH" missed="0" covered="75"/><counter type="LINE" missed="0" covered="51"/><counter type="COMPLEXITY" missed="0" covered="48"/><counter type="METHOD" missed="0" covered="9"/><counter type="CLASS" missed="0" covered="1"/></report>